app/build/outputs/mapping/release/seeds.txt
com.pakertong.snooker.model.Player$Companion
com.pakertong.snooker.model.EndGameSnapshot
com.pakertong.snooker.model.UndoAction$Miss
com.pakertong.snooker.model.GameStore
com.pakertong.snooker.model.Player
com.pakertong.snooker.model.ScoreEvent
com.pakertong.snooker.model.UndoAction$Score
com.pakertong.snooker.model.AppLanguage
com.pakertong.snooker.model.PlayerSnapshot
com.pakertong.snooker.model.SnookerBall$WhenMappings
com.pakertong.snooker.model.GameStore$delete$1
com.pakertong.snooker.model.UndoAction$Foul
com.pakertong.snooker.model.SnookerBall
com.pakertong.snooker.model.LocalizationManager
com.pakertong.snooker.viewmodel.GameViewModel
com.pakertong.snooker.model.GameStore$load$$inlined$sortByDescending$1
com.pakertong.snooker.model.AppLanguage$Companion
com.pakertong.snooker.model.MatchRecord
com.pakertong.snooker.MainActivity
com.pakertong.snooker.model.UndoAction
com.pakertong.snooker.model.EndGameSnapshot: boolean isColorPhase
com.pakertong.snooker.model.LocalizationManager: androidx.compose.runtime.MutableState currentLanguage$delegate
com.pakertong.snooker.model.EndGameSnapshot: int $stable
com.pakertong.snooker.model.PlayerSnapshot: java.lang.String name
com.pakertong.snooker.model.GameStore$delete$1: java.lang.String $matchId
com.pakertong.snooker.viewmodel.GameViewModel: androidx.compose.runtime.MutableState turnStartTime$delegate
com.pakertong.snooker.model.SnookerBall: com.pakertong.snooker.model.SnookerBall BROWN
com.pakertong.snooker.model.AppLanguage: com.pakertong.snooker.model.AppLanguage SYSTEM
com.pakertong.snooker.model.SnookerBall: com.pakertong.snooker.model.SnookerBall BLUE
com.pakertong.snooker.model.ScoreEvent: java.lang.String playerName
com.pakertong.snooker.model.Player: com.pakertong.snooker.model.Player$Companion Companion
com.pakertong.snooker.model.ScoreEvent: long timestamp
com.pakertong.snooker.model.MatchRecord: java.util.List players
com.pakertong.snooker.model.AppLanguage: com.pakertong.snooker.model.AppLanguage[] $VALUES
com.pakertong.snooker.viewmodel.GameViewModel: java.util.Set endgameColorsPotted
com.pakertong.snooker.model.UndoAction$Score: int playerIdx
com.pakertong.snooker.model.EndGameSnapshot: java.util.Set colorsPotted
com.pakertong.snooker.viewmodel.GameViewModel: androidx.compose.runtime.MutableIntState redsRemaining$delegate
com.pakertong.snooker.model.MatchRecord: long duration
com.pakertong.snooker.model.LocalizationManager: com.pakertong.snooker.model.LocalizationManager INSTANCE
com.pakertong.snooker.model.SnookerBall: com.pakertong.snooker.model.SnookerBall PINK
com.pakertong.snooker.model.LocalizationManager: int $stable
com.pakertong.snooker.model.PlayerSnapshot: int $stable
com.pakertong.snooker.model.AppLanguage: com.pakertong.snooker.model.AppLanguage ZH_CN
com.pakertong.snooker.model.GameStore: android.content.Context context
com.pakertong.snooker.MainActivity: int $stable
com.pakertong.snooker.model.SnookerBall: com.pakertong.snooker.model.SnookerBall BLACK
com.pakertong.snooker.viewmodel.GameViewModel: androidx.compose.runtime.MutableState isReSpotBlack$delegate
com.pakertong.snooker.model.SnookerBall: com.pakertong.snooker.model.SnookerBall GREEN
com.pakertong.snooker.model.MatchRecord: java.lang.String winnerName
com.pakertong.snooker.viewmodel.GameViewModel: androidx.compose.runtime.MutableState isColorPhase$delegate
com.pakertong.snooker.model.SnookerBall: long hexColor
com.pakertong.snooker.model.SnookerBall: kotlin.enums.EnumEntries $ENTRIES
com.pakertong.snooker.model.SnookerBall: com.pakertong.snooker.model.SnookerBall RED
com.pakertong.snooker.model.Player: int colorIndex
com.pakertong.snooker.model.Player: int $stable
com.pakertong.snooker.model.MatchRecord: java.lang.String notes
com.pakertong.snooker.model.Player: java.util.List playerColors
com.pakertong.snooker.viewmodel.GameViewModel: androidx.compose.runtime.MutableState showReSpotDialog$delegate
...
androidx.compose.ui.layout.OnGloballyPositionedElement
androidx.compose.foundation.layout.SizeElement
kotlinx.coroutines.TimeoutCancellationException
kotlin.KotlinNothingValueException
kotlin.KotlinNullPointerException
androidx.compose.foundation.CombinedClickableElement
androidx.compose.ui.draw.DrawWithContentElement
androidx.compose.ui.res.ResourceResolutionException
androidx.activity.ComponentActivity: androidx.lifecycle.ViewModelStore mViewModelStore
kotlinx.coroutines.internal.LimitedDispatcher: int runningWorkers
androidx.activity.ComponentActivity: androidx.activity.ComponentActivity$ReportFullyDrawnExecutor mReportFullyDrawnExecutor
kotlinx.coroutines.internal.ConcurrentLinkedListNode: java.lang.Object _prev
kotlinx.coroutines.flow.StateFlowImpl: java.lang.Object _state
androidx.activity.ComponentActivity: java.util.concurrent.atomic.AtomicInteger mNextLocalRequestCode
androidx.lifecycle.Lifecycle$Event: androidx.lifecycle.Lifecycle$Event ON_START
kotlinx.coroutines.sync.SemaphoreImpl: int _availablePermits
androidx.lifecycle.ViewModel: boolean mCleared
androidx.lifecycle.Lifecycle$Event: androidx.lifecycle.Lifecycle$Event ON_STOP
kotlinx.coroutines.internal.ThreadSafeHeap: int _size
androidx.lifecycle.Lifecycle$Event: androidx.lifecycle.Lifecycle$Event[] $VALUES
androidx.compose.runtime.ParcelableSnapshotMutableState: android.os.Parcelable$Creator CREATOR
kotlinx.coroutines.internal.LockFreeLinkedListNode: java.lang.Object _next
kotlinx.coroutines.scheduling.CoroutineScheduler: int _isTerminated
kotlinx.coroutines.CancellableContinuationImpl: java.lang.Object _state
androidx.compose.foundation.lazy.layout.DefaultLazyKey: android.os.Parcelable$Creator CREATOR
androidx.activity.ComponentActivity: java.util.concurrent.CopyOnWriteArrayList mOnConfigurationChangedListeners
androidx.activity.ComponentActivity: boolean mDispatchingOnPictureInPictureModeChanged
kotlinx.coroutines.JobSupport$Finishing: java.lang.Object _rootCause
androidx.lifecycle.ReportFragment$LifecycleCallbacks: androidx.lifecycle.ReportFragment$LifecycleCallbacks$Companion Companion
androidx.concurrent.futures.AbstractResolvableFuture: java.lang.Object value
kotlinx.coroutines.sync.SemaphoreImpl: java.lang.Object tail
kotlinx.coroutines.android.HandlerDispatcherKt: android.view.Choreographer choreographer
androidx.activity.ComponentActivity: androidx.savedstate.SavedStateRegistryController mSavedStateRegistryController
androidx.core.app.ComponentActivity: androidx.lifecycle.LifecycleRegistry mLifecycleRegistry
androidx.activity.ComponentActivity: androidx.activity.OnBackPressedDispatcher mOnBackPressedDispatcher
androidx.lifecycle.SavedStateHandlesVM: java.util.Map handles
kotlinx.coroutines.android.HandlerContext: kotlinx.coroutines.android.HandlerContext _immediate
androidx.lifecycle.Lifecycle$Event: androidx.lifecycle.Lifecycle$Event ON_CREATE
kotlinx.coroutines.internal.LockFreeTaskQueueCore: long _state
androidx.compose.runtime.ParcelableSnapshotMutableLongState: android.os.Parcelable$Creator CREATOR
kotlinx.coroutines.sync.MutexImpl: java.lang.Object owner
androidx.concurrent.futures.AbstractResolvableFuture: androidx.concurrent.futures.AbstractResolvableFuture$Listener listeners
kotlinx.coroutines.channels.BufferedChannel: java.lang.Object closeHandler
kotlinx.coroutines.scheduling.CoroutineScheduler$Worker: int indexInArray
androidx.lifecycle.Lifecycle$Event: androidx.lifecycle.Lifecycle$Event$Companion Companion
kotlinx.coroutines.DispatchedCoroutine: int _decision
androidx.concurrent.futures.AbstractResolvableFuture$Waiter: java.lang.Thread thread
androidx.compose.runtime.ParcelableSnapshotMutableFloatState: android.os.Parcelable$Creator CREATOR
kotlin.jvm.internal.Lambda: int arity
kotlinx.coroutines.JobSupport$Finishing: java.lang.Object _exceptionsHolder
androidx.activity.ComponentActivity: java.lang.String ACTIVITY_RESULT_TAG