app/build/outputs/mapping/release/usage.txt
com.pakertong.snooker.R$drawable
com.pakertong.snooker.R$mipmap
com.pakertong.snooker.R$style
com.pakertong.snooker.R
com.pakertong.snooker.ui.screens.ScoreboardScreenKt$ScoreboardScreen$2$1$1$invoke$$inlined$items$default$2
com.pakertong.snooker.ui.screens.ScoreboardScreenKt:
    public static synthetic java.lang.String formatTime$default(long,long,int,java.lang.Object)
com.pakertong.snooker.ui.theme.AppTheme:
    public static kotlin.enums.EnumEntries getEntries()
com.pakertong.snooker.ui.theme.ThemeManager:
    public static final int $stable
    public final void setMatchCount(int)
com.pakertong.snooker.ComposableSingletons$MainActivityKt$lambda-2$1
com.pakertong.snooker.ComposableSingletons$MainActivityKt$lambda-3$1
com.pakertong.snooker.ComposableSingletons$MainActivityKt:
    public static final com.pakertong.snooker.ComposableSingletons$MainActivityKt INSTANCE
    public static kotlin.jvm.functions.Function2 getLambda-1$app_release()
    public static kotlin.jvm.functions.Function2 getLambda-2$app_release()
    public static kotlin.jvm.functions.Function2 getLambda-3$app_release()
com.pakertong.snooker.MainActivity:
    static void <clinit>()
com.pakertong.snooker.model.EndGameSnapshot:
    static void <clinit>()
com.pakertong.snooker.model.GameStore:
    static void <clinit>()
com.pakertong.snooker.model.MatchRecord:
    static void <clinit>()
com.pakertong.snooker.model.PlayerSnapshot:
    static void <clinit>()
com.pakertong.snooker.model.ScoreEvent:
    static void <clinit>()
com.pakertong.snooker.model.UndoAction$Foul:
    static void <clinit>()
com.pakertong.snooker.model.UndoAction$Miss:
    static void <clinit>()
com.pakertong.snooker.model.UndoAction$Score:
    static void <clinit>()
com.pakertong.snooker.model.UndoAction:
    static void <clinit>()
com.pakertong.snooker.ui.screens.ComposableSingletons$FoulSheetKt$lambda-2$1
com.pakertong.snooker.ui.screens.ComposableSingletons$FoulSheetKt$lambda-3$1
com.pakertong.snooker.ui.screens.ComposableSingletons$FoulSheetKt$lambda-4$1
com.pakertong.snooker.ui.screens.ComposableSingletons$FoulSheetKt$lambda-5$1
com.pakertong.snooker.ui.screens.ComposableSingletons$FoulSheetKt$lambda-6$1
com.pakertong.snooker.ui.screens.ComposableSingletons$FoulSheetKt:
    public static final com.pakertong.snooker.ui.screens.ComposableSingletons$FoulSheetKt INSTANCE
    public static kotlin.jvm.functions.Function2 getLambda-1$app_release()
    public static kotlin.jvm.functions.Function2 getLambda-2$app_release()
    public static kotlin.jvm.functions.Function2 getLambda-3$app_release()
    public static kotlin.jvm.functions.Function2 getLambda-4$app_release()
    public static kotlin.jvm.functions.Function2 getLambda-5$app_release()
    public static kotlin.jvm.functions.Function2 getLambda-6$app_release()
    public static kotlin.jvm.functions.Function3 getLambda-7$app_release()
com.pakertong.snooker.ui.screens.ComposableSingletons$HistoryScreenKt$lambda-1$1
com.pakertong.snooker.ui.screens.ComposableSingletons$HistoryScreenKt$lambda-10$1
com.pakertong.snooker.ui.screens.ComposableSingletons$HistoryScreenKt$lambda-11$1
com.pakertong.snooker.ui.screens.ComposableSingletons$HistoryScreenKt$lambda-12$1
com.pakertong.snooker.ui.screens.ComposableSingletons$HistoryScreenKt$lambda-2$1
com.pakertong.snooker.ui.screens.ComposableSingletons$HistoryScreenKt$lambda-3$1
com.pakertong.snooker.ui.screens.ComposableSingletons$HistoryScreenKt$lambda-4$1
com.pakertong.snooker.ui.screens.ComposableSingletons$HistoryScreenKt$lambda-5$1
com.pakertong.snooker.ui.screens.ComposableSingletons$HistoryScreenKt$lambda-6$1
com.pakertong.snooker.ui.screens.ComposableSingletons$HistoryScreenKt$lambda-7$1
com.pakertong.snooker.ui.screens.ComposableSingletons$HistoryScreenKt$lambda-8$1
com.pakertong.snooker.ui.screens.ComposableSingletons$HistoryScreenKt$lambda-9$1
...
androidx.compose.ui.input.key.Key:
    public static final long A
    public static final long AllApps
    public static final long AltLeft
    public static final long AltRight
    public static final long Apostrophe
    public static final long AppSwitch
    public static final long Assist
    public static final long At
    public static final long AvReceiverInput
    public static final long AvReceiverPower
    public static final long B
    public static final long Backslash
    public static final long Backspace
    public static final long Bookmark
    public static final long Break
    public static final long BrightnessDown
    public static final long BrightnessUp
    public static final long Browser
    public static final long Button1
    public static final long Button10
    public static final long Button11
    public static final long Button12
    public static final long Button13
    public static final long Button14
    public static final long Button15
    public static final long Button16
    public static final long Button2
    public static final long Button3
    public static final long Button4
    public static final long Button5
    public static final long Button6
    public static final long Button7
    public static final long Button8
    public static final long Button9
    public static final long ButtonA
    public static final long ButtonB
    public static final long ButtonC
    public static final long ButtonL1
androidx.compose.ui.input.key.KeyEvent:
    public static synthetic android.view.KeyEvent unbox-impl()
androidx.compose.ui.input.key.KeyEventType$Companion
androidx.compose.ui.input.key.KeyEventType:
    public static final androidx.compose.ui.graphics.ClipOp$Companion Companion
    public static final int KeyDown
    public static final int KeyUp
    public static final int Unknown
    static void <clinit>()
    public static final synthetic int access$getKeyDown$cp()
    public static final synthetic int access$getKeyUp$cp()
    public static final synthetic int access$getUnknown$cp()
androidx.compose.ui.input.key.KeyInputElement:
    public static androidx.compose.ui.input.key.KeyInputNode create()
    public static void update$37()
androidx.compose.ui.input.key.KeyInputModifierKt
androidx.compose.ui.input.key.KeyInputNode:
    public final void setOnEvent()
    public final void setOnPreEvent()
androidx.compose.ui.input.key.Key_androidKt
androidx.compose.ui.input.key.SoftKeyboardInterceptionModifierNode
androidx.compose.ui.input.nestedscroll.NestedScrollDispatcher$calculateNestedScrollScope$1
androidx.compose.ui.input.nestedscroll.NestedScrollDispatcher:
    public static final int $stable
    static void <clinit>()
    public static long dispatchPostScroll-DzOQY0M()
    public static long dispatchPreScroll-OzD1aCk()
    public static kotlinx.coroutines.CoroutineScope getCoroutineScope()
    public static androidx.compose.ui.modifier.ModifierLocalModifierNode getModifierLocalNode$ui_release()
    public static kotlinx.coroutines.CoroutineScope getScope$ui_release()
    public static void setCalculateNestedScrollScope$ui_release()
    public static void setModifierLocalNode$ui_release()
    public static void setScope$ui_release()
androidx.compose.ui.input.nestedscroll.NestedScrollNode$updateDispatcherFields$1
androidx.compose.ui.input.nestedscroll.NestedScrollNode:
    public static final int $stable
    static void <clinit>()
    public static androidx.compose.ui.input.nestedscroll.NestedScrollNode getParentModifierLocal()
    public static void resetDispatcherFields()
    public static void updateDispatcherFields()
androidx.compose.ui.input.nestedscroll.NestedScrollNodeKt$ModifierLocalNestedScroll$1:
    public static androidx.compose.ui.input.nestedscroll.NestedScrollNode invoke()